<?xml version="1.0" encoding="UTF-8"?>
<!-- Generated by org.testng.reporters.JUnitReportReporter -->
<testsuite skipped="0" hostname="Nidhis-MacBook-Pro.local" name="co.amazon.in.testScripts.SearchTest" tests="1" failures="0" timestamp="6 Nov 2016 14:32:35 GMT" time="17.550" errors="0">
  <testcase name="search" time="17.550" classname="co.amazon.in.testScripts.SearchTest"/>
</testsuite> <!-- co.amazon.in.testScripts.SearchTest -->
